Determining if the pthread_create exist failed with the following output:
Change Dir: /home/shab/Desktop/Research/Trial/opendlv-statsd/src/CMakeFiles/CMakeTmp

Run Build Command:"/usr/bin/make" "cmTC_d72bb/fast"
/usr/bin/make -f CMakeFiles/cmTC_d72bb.dir/build.make CMakeFiles/cmTC_d72bb.dir/build
make[1]: Entering directory '/home/shab/Desktop/Research/Trial/opendlv-statsd/src/CMakeFiles/CMakeTmp'
Building C object CMakeFiles/cmTC_d72bb.dir/CheckSymbolExists.c.o
/usr/bin/cc    -o CMakeFiles/cmTC_d72bb.dir/CheckSymbolExists.c.o   -c /home/shab/Desktop/Research/Trial/opendlv-statsd/src/CMakeFiles/CMakeTmp/CheckSymbolExists.c
Linking C executable cmTC_d72bb
/usr/bin/cmake -E cmake_link_script CMakeFiles/cmTC_d72bb.dir/link.txt --verbose=1
/usr/bin/cc    -static-libgcc -static-libstdc++  -rdynamic CMakeFiles/cmTC_d72bb.dir/CheckSymbolExists.c.o  -o cmTC_d72bb 
CMakeFiles/cmTC_d72bb.dir/CheckSymbolExists.c.o: In function `main':
CheckSymbolExists.c:(.text+0x1b): undefined reference to `pthread_create'
collect2: error: ld returned 1 exit status
CMakeFiles/cmTC_d72bb.dir/build.make:97: recipe for target 'cmTC_d72bb' failed
make[1]: *** [cmTC_d72bb] Error 1
make[1]: Leaving directory '/home/shab/Desktop/Research/Trial/opendlv-statsd/src/CMakeFiles/CMakeTmp'
Makefile:126: recipe for target 'cmTC_d72bb/fast' failed
make: *** [cmTC_d72bb/fast] Error 2

File /home/shab/Desktop/Research/Trial/opendlv-statsd/src/CMakeFiles/CMakeTmp/CheckSymbolExists.c:
/* */
#include <pthread.h>

int main(int argc, char** argv)
{
  (void)argv;
#ifndef pthread_create
  return ((int*)(&pthread_create))[argc];
#else
  (void)argc;
  return 0;
#endif
}

